<?xml version="1.0" encoding="UTF-8"?>
<!-- Generated by org.testng.reporters.JUnitReportReporter -->
<testsuite hostname="AKII" failures="0" tests="2" name="com.timekeeping.actitime.seleniumAutomation.com.timekeeping.actitime.seleniumAutomation.ToPerformGroupExecution" time="0.022" errors="0" timestamp="02 Sep 2022 05:48:12 GMT" skipped="0">
  <testcase classname="com.timekeeping.actitime.seleniumAutomation.com.timekeeping.actitime.seleniumAutomation.ToPerformGroupExecution" name="select" time="0.001"/>
  <testcase classname="com.timekeeping.actitime.seleniumAutomation.com.timekeeping.actitime.seleniumAutomation.ToPerformGroupExecution" name="addToCart" time="0.021"/>
</testsuite> <!-- com.timekeeping.actitime.seleniumAutomation.com.timekeeping.actitime.seleniumAutomation.ToPerformGroupExecution -->
