<?xml version="1.0" encoding="UTF-8"?>
<!-- Generated by org.testng.reporters.JUnitReportReporter -->
<testsuite hostname="AKII" failures="0" tests="3" name="com.timekeeping.actitime.seleniumAutomation.com.timekeeping.actitime.seleniumAutomation.ClassB$ClassA" time="0.019" errors="0" timestamp="01 Sep 2022 06:10:00 GMT" skipped="0">
  <testcase classname="com.timekeeping.actitime.seleniumAutomation.com.timekeeping.actitime.seleniumAutomation.ClassB$ClassA" name="demo4" time="0.015"/>
  <testcase classname="com.timekeeping.actitime.seleniumAutomation.com.timekeeping.actitime.seleniumAutomation.ClassB$ClassA" name="demo6" time="0.002"/>
  <testcase classname="com.timekeeping.actitime.seleniumAutomation.com.timekeeping.actitime.seleniumAutomation.ClassB$ClassA" name="demo5" time="0.002"/>
</testsuite> <!-- com.timekeeping.actitime.seleniumAutomation.com.timekeeping.actitime.seleniumAutomation.ClassB$ClassA -->
