<?xml version="1.0" encoding="UTF-8"?>
<!-- Generated by org.testng.reporters.JUnitReportReporter -->
<testsuite hostname="AKII" failures="0" tests="3" name="com.timekeeping.actitime.seleniumAutomation.com.timekeeping.actitime.seleniumAutomation.ClassA" time="0.006" errors="0" timestamp="01 Sep 2022 06:10:00 GMT" skipped="0">
  <testcase classname="com.timekeeping.actitime.seleniumAutomation.com.timekeeping.actitime.seleniumAutomation.ClassA" name="demo1" time="0.002"/>
  <testcase classname="com.timekeeping.actitime.seleniumAutomation.com.timekeeping.actitime.seleniumAutomation.ClassA" name="demo3" time="0.002"/>
  <testcase classname="com.timekeeping.actitime.seleniumAutomation.com.timekeeping.actitime.seleniumAutomation.ClassA" name="demo2" time="0.002"/>
</testsuite> <!-- com.timekeeping.actitime.seleniumAutomation.com.timekeeping.actitime.seleniumAutomation.ClassA -->
